2023-12-19 16:12:892 INFO  HomePage :27 - Enter username [[ChromeDriver: chrome on windows (b6412ca50c4b758580ae812c2d0ef6d2)] -> xpath: /html[1]/body[1]/div[1]/div[1]/div[1]/div[1]/div[1]/div[2]/div[2]/form[1]/div[1]/div[1]/div[2]/input[1]]
2023-12-19 16:12:984 INFO  HomePage :34 - Enter password [[ChromeDriver: chrome on windows (b6412ca50c4b758580ae812c2d0ef6d2)] -> xpath: /html[1]/body[1]/div[1]/div[1]/div[1]/div[1]/div[1]/div[2]/div[2]/form[1]/div[2]/div[1]/div[2]/input[1]]
2023-12-19 16:12:160 INFO  HomePage :40 - Click On login Button [[ChromeDriver: chrome on windows (b6412ca50c4b758580ae812c2d0ef6d2)] -> xpath: /html[1]/body[1]/div[1]/div[1]/div[1]/div[1]/div[1]/div[2]/div[2]/form[1]/div[3]/button[1]]
2023-12-19 16:12:20 INFO  HomePage :27 - Enter username [[ChromeDriver: chrome on windows (218fca9d35667ce07206856c48c11adc)] -> xpath: /html[1]/body[1]/div[1]/div[1]/div[1]/div[1]/div[1]/div[2]/div[2]/form[1]/div[1]/div[1]/div[2]/input[1]]
2023-12-19 16:12:100 INFO  HomePage :34 - Enter password [[ChromeDriver: chrome on windows (218fca9d35667ce07206856c48c11adc)] -> xpath: /html[1]/body[1]/div[1]/div[1]/div[1]/div[1]/div[1]/div[2]/div[2]/form[1]/div[2]/div[1]/div[2]/input[1]]
2023-12-19 16:12:236 INFO  HomePage :40 - Click On login Button [[ChromeDriver: chrome on windows (218fca9d35667ce07206856c48c11adc)] -> xpath: /html[1]/body[1]/div[1]/div[1]/div[1]/div[1]/div[1]/div[2]/div[2]/form[1]/div[3]/button[1]]
2023-12-19 16:12:625 INFO  DashboardPage :27 - Enter Profile Photo [[ChromeDriver: chrome on windows (218fca9d35667ce07206856c48c11adc)] -> xpath: (//img[@class='oxd-userdropdown-img'])[1]]
2023-12-19 16:12:638 INFO  DashboardPage :31 - Click On logout [[ChromeDriver: chrome on windows (218fca9d35667ce07206856c48c11adc)] -> xpath: (//a[normalize-space()='Logout'])[1]]
2023-12-19 16:12:858 INFO  DashboardPage :35 - Getting loginpanel [[ChromeDriver: chrome on windows (218fca9d35667ce07206856c48c11adc)] -> xpath: (//h5[normalize-space()='Login'])[1]]
2023-12-19 16:12:653 INFO  HomePage :27 - Enter username [[ChromeDriver: chrome on windows (b7a8577548ae034a83a4295f184f2d72)] -> xpath: /html[1]/body[1]/div[1]/div[1]/div[1]/div[1]/div[1]/div[2]/div[2]/form[1]/div[1]/div[1]/div[2]/input[1]]
2023-12-19 16:12:777 INFO  HomePage :34 - Enter password [[ChromeDriver: chrome on windows (b7a8577548ae034a83a4295f184f2d72)] -> xpath: /html[1]/body[1]/div[1]/div[1]/div[1]/div[1]/div[1]/div[2]/div[2]/form[1]/div[2]/div[1]/div[2]/input[1]]
2023-12-19 16:12:880 INFO  HomePage :40 - Click On login Button [[ChromeDriver: chrome on windows (b7a8577548ae034a83a4295f184f2d72)] -> xpath: /html[1]/body[1]/div[1]/div[1]/div[1]/div[1]/div[1]/div[2]/div[2]/form[1]/div[3]/button[1]]
2023-12-19 16:12:410 INFO  HomePage :43 - Getting error message Proxy element for: DefaultElementLocator 'By.xpath: (//span[@class='oxd-text oxd-text--span oxd-input-field-error-message oxd-input-group__message'][normalize-space()='Required'])[1]'
2023-12-19 17:12:202 INFO  HomePage :27 - Enter username [[ChromeDriver: chrome on windows (f714817ccb928d1df9958b25cb74076e)] -> xpath: /html[1]/body[1]/div[1]/div[1]/div[1]/div[1]/div[1]/div[2]/div[2]/form[1]/div[1]/div[1]/div[2]/input[1]]
2023-12-19 17:12:261 INFO  HomePage :34 - Enter password [[ChromeDriver: chrome on windows (f714817ccb928d1df9958b25cb74076e)] -> xpath: /html[1]/body[1]/div[1]/div[1]/div[1]/div[1]/div[1]/div[2]/div[2]/form[1]/div[2]/div[1]/div[2]/input[1]]
2023-12-19 17:12:316 INFO  HomePage :40 - Click On login Button [[ChromeDriver: chrome on windows (f714817ccb928d1df9958b25cb74076e)] -> xpath: /html[1]/body[1]/div[1]/div[1]/div[1]/div[1]/div[1]/div[2]/div[2]/form[1]/div[3]/button[1]]
2023-12-19 17:12:785 INFO  HomePage :43 - Getting error message Proxy element for: DefaultElementLocator 'By.xpath: (//span[@class='oxd-text oxd-text--span oxd-input-field-error-message oxd-input-group__message'][normalize-space()='Required'])[1]'
2023-12-19 17:12:491 INFO  HomePage :27 - Enter username [[ChromeDriver: chrome on windows (5f1b264d1be524128120895b70fcbeb5)] -> xpath: /html[1]/body[1]/div[1]/div[1]/div[1]/div[1]/div[1]/div[2]/div[2]/form[1]/div[1]/div[1]/div[2]/input[1]]
2023-12-19 17:12:544 INFO  HomePage :34 - Enter password [[ChromeDriver: chrome on windows (5f1b264d1be524128120895b70fcbeb5)] -> xpath: /html[1]/body[1]/div[1]/div[1]/div[1]/div[1]/div[1]/div[2]/div[2]/form[1]/div[2]/div[1]/div[2]/input[1]]
2023-12-19 17:12:595 INFO  HomePage :40 - Click On login Button [[ChromeDriver: chrome on windows (5f1b264d1be524128120895b70fcbeb5)] -> xpath: /html[1]/body[1]/div[1]/div[1]/div[1]/div[1]/div[1]/div[2]/div[2]/form[1]/div[3]/button[1]]
2023-12-19 17:12:101 INFO  HomePage :43 - Getting error message Proxy element for: DefaultElementLocator 'By.xpath: (//span[@class='oxd-text oxd-text--span oxd-input-field-error-message oxd-input-group__message'][normalize-space()='Required'])[1]'
2023-12-19 17:12:446 INFO  HomePage :27 - Enter username [[ChromeDriver: chrome on windows (99959e3290416ef99460d3313c04fd07)] -> xpath: /html[1]/body[1]/div[1]/div[1]/div[1]/div[1]/div[1]/div[2]/div[2]/form[1]/div[1]/div[1]/div[2]/input[1]]
2023-12-19 17:12:504 INFO  HomePage :34 - Enter password [[ChromeDriver: chrome on windows (99959e3290416ef99460d3313c04fd07)] -> xpath: /html[1]/body[1]/div[1]/div[1]/div[1]/div[1]/div[1]/div[2]/div[2]/form[1]/div[2]/div[1]/div[2]/input[1]]
2023-12-19 17:12:571 INFO  HomePage :40 - Click On login Button [[ChromeDriver: chrome on windows (99959e3290416ef99460d3313c04fd07)] -> xpath: /html[1]/body[1]/div[1]/div[1]/div[1]/div[1]/div[1]/div[2]/div[2]/form[1]/div[3]/button[1]]
2023-12-19 17:12:117 INFO  HomePage :43 - Getting error message Proxy element for: DefaultElementLocator 'By.xpath: (//span[@class='oxd-text oxd-text--span oxd-input-field-error-message oxd-input-group__message'][normalize-space()='Required'])[1]'
2023-12-19 17:12:386 INFO  HomePage :27 - Enter username [[ChromeDriver: chrome on windows (1d6ed1874dad4b3057b4a1859e95e1f3)] -> xpath: /html[1]/body[1]/div[1]/div[1]/div[1]/div[1]/div[1]/div[2]/div[2]/form[1]/div[1]/div[1]/div[2]/input[1]]
2023-12-19 17:12:426 INFO  HomePage :34 - Enter password [[ChromeDriver: chrome on windows (1d6ed1874dad4b3057b4a1859e95e1f3)] -> xpath: /html[1]/body[1]/div[1]/div[1]/div[1]/div[1]/div[1]/div[2]/div[2]/form[1]/div[2]/div[1]/div[2]/input[1]]
2023-12-19 17:12:482 INFO  HomePage :40 - Click On login Button [[ChromeDriver: chrome on windows (1d6ed1874dad4b3057b4a1859e95e1f3)] -> xpath: /html[1]/body[1]/div[1]/div[1]/div[1]/div[1]/div[1]/div[2]/div[2]/form[1]/div[3]/button[1]]
2023-12-19 17:12:745 INFO  AdminPage :26 - Click on Admin [[ChromeDriver: chrome on windows (1d6ed1874dad4b3057b4a1859e95e1f3)] -> xpath: /html[1]/body[1]/div[1]/div[1]/div[1]/aside[1]/nav[1]/div[2]/ul[1]/li[1]/a[1]]
2023-12-19 17:12:167 INFO  HomePage :27 - Enter username [[ChromeDriver: chrome on windows (ac655b65e721322187eae6f686cd3cd5)] -> xpath: /html[1]/body[1]/div[1]/div[1]/div[1]/div[1]/div[1]/div[2]/div[2]/form[1]/div[1]/div[1]/div[2]/input[1]]
2023-12-19 17:12:207 INFO  HomePage :34 - Enter password [[ChromeDriver: chrome on windows (ac655b65e721322187eae6f686cd3cd5)] -> xpath: /html[1]/body[1]/div[1]/div[1]/div[1]/div[1]/div[1]/div[2]/div[2]/form[1]/div[2]/div[1]/div[2]/input[1]]
2023-12-19 17:12:269 INFO  HomePage :40 - Click On login Button [[ChromeDriver: chrome on windows (ac655b65e721322187eae6f686cd3cd5)] -> xpath: /html[1]/body[1]/div[1]/div[1]/div[1]/div[1]/div[1]/div[2]/div[2]/form[1]/div[3]/button[1]]
2023-12-19 17:12:418 INFO  AdminPage :26 - Click on Admin [[ChromeDriver: chrome on windows (ac655b65e721322187eae6f686cd3cd5)] -> xpath: /html[1]/body[1]/div[1]/div[1]/div[1]/aside[1]/nav[1]/div[2]/ul[1]/li[1]/a[1]]
2023-12-19 17:12:660 INFO  HomePage :27 - Enter username [[ChromeDriver: chrome on windows (608fbd41c79a60ba5d9691f79fc02692)] -> xpath: /html[1]/body[1]/div[1]/div[1]/div[1]/div[1]/div[1]/div[2]/div[2]/form[1]/div[1]/div[1]/div[2]/input[1]]
2023-12-19 17:12:841 INFO  HomePage :34 - Enter password [[ChromeDriver: chrome on windows (608fbd41c79a60ba5d9691f79fc02692)] -> xpath: /html[1]/body[1]/div[1]/div[1]/div[1]/div[1]/div[1]/div[2]/div[2]/form[1]/div[2]/div[1]/div[2]/input[1]]
2023-12-19 17:12:933 INFO  HomePage :40 - Click On login Button [[ChromeDriver: chrome on windows (608fbd41c79a60ba5d9691f79fc02692)] -> xpath: /html[1]/body[1]/div[1]/div[1]/div[1]/div[1]/div[1]/div[2]/div[2]/form[1]/div[3]/button[1]]
2023-12-19 17:12:259 INFO  AdminPage :26 - Click on Admin [[ChromeDriver: chrome on windows (608fbd41c79a60ba5d9691f79fc02692)] -> xpath: /html[1]/body[1]/div[1]/div[1]/div[1]/aside[1]/nav[1]/div[2]/ul[1]/li[1]/a[1]]
2023-12-19 17:12:745 INFO  AddUserPage :56 - Select user Role [[ChromeDriver: chrome on windows (608fbd41c79a60ba5d9691f79fc02692)] -> xpath: //div[@class='oxd-grid-4 orangehrm-full-width-grid']/div[2]/div/div[2]/div/div/div[2]/i]
2023-12-19 17:12:848 INFO  HomePage :27 - Enter username [[ChromeDriver: chrome on windows (e8efb98f189240ed76addba3f32c6941)] -> xpath: /html[1]/body[1]/div[1]/div[1]/div[1]/div[1]/div[1]/div[2]/div[2]/form[1]/div[1]/div[1]/div[2]/input[1]]
2023-12-19 17:12:887 INFO  HomePage :34 - Enter password [[ChromeDriver: chrome on windows (e8efb98f189240ed76addba3f32c6941)] -> xpath: /html[1]/body[1]/div[1]/div[1]/div[1]/div[1]/div[1]/div[2]/div[2]/form[1]/div[2]/div[1]/div[2]/input[1]]
2023-12-19 17:12:941 INFO  HomePage :40 - Click On login Button [[ChromeDriver: chrome on windows (e8efb98f189240ed76addba3f32c6941)] -> xpath: /html[1]/body[1]/div[1]/div[1]/div[1]/div[1]/div[1]/div[2]/div[2]/form[1]/div[3]/button[1]]
2023-12-19 17:12:69 INFO  AdminPage :26 - Click on Admin [[ChromeDriver: chrome on windows (e8efb98f189240ed76addba3f32c6941)] -> xpath: /html[1]/body[1]/div[1]/div[1]/div[1]/aside[1]/nav[1]/div[2]/ul[1]/li[1]/a[1]]
2023-12-19 17:12:653 INFO  AddUserPage :56 - Select user Role [[ChromeDriver: chrome on windows (e8efb98f189240ed76addba3f32c6941)] -> xpath: //div[@class='oxd-grid-4 orangehrm-full-width-grid']/div[2]/div/div[2]/div/div/div[2]/i]
2023-12-19 17:12:398 INFO  HomePage :27 - Enter username [[ChromeDriver: chrome on windows (ced0087c3001b8a94a12a8d430c1286c)] -> xpath: /html[1]/body[1]/div[1]/div[1]/div[1]/div[1]/div[1]/div[2]/div[2]/form[1]/div[1]/div[1]/div[2]/input[1]]
2023-12-19 17:12:436 INFO  HomePage :34 - Enter password [[ChromeDriver: chrome on windows (ced0087c3001b8a94a12a8d430c1286c)] -> xpath: /html[1]/body[1]/div[1]/div[1]/div[1]/div[1]/div[1]/div[2]/div[2]/form[1]/div[2]/div[1]/div[2]/input[1]]
2023-12-19 17:12:498 INFO  HomePage :40 - Click On login Button [[ChromeDriver: chrome on windows (ced0087c3001b8a94a12a8d430c1286c)] -> xpath: /html[1]/body[1]/div[1]/div[1]/div[1]/div[1]/div[1]/div[2]/div[2]/form[1]/div[3]/button[1]]
2023-12-19 17:12:948 INFO  AdminPage :26 - Click on Admin [[ChromeDriver: chrome on windows (ced0087c3001b8a94a12a8d430c1286c)] -> xpath: /html[1]/body[1]/div[1]/div[1]/div[1]/aside[1]/nav[1]/div[2]/ul[1]/li[1]/a[1]]
2023-12-19 17:12:34 INFO  AddUserPage :56 - Select user Role [[ChromeDriver: chrome on windows (ced0087c3001b8a94a12a8d430c1286c)] -> xpath: //div[@class='oxd-grid-4 orangehrm-full-width-grid']/div[2]/div/div[2]/div/div/div[2]/i]
2023-12-19 17:12:616 INFO  HomePage :27 - Enter username [[ChromeDriver: chrome on windows (ee6aab7ee067f9b739da4e089c67d407)] -> xpath: /html[1]/body[1]/div[1]/div[1]/div[1]/div[1]/div[1]/div[2]/div[2]/form[1]/div[1]/div[1]/div[2]/input[1]]
2023-12-19 17:12:797 INFO  HomePage :34 - Enter password [[ChromeDriver: chrome on windows (ee6aab7ee067f9b739da4e089c67d407)] -> xpath: /html[1]/body[1]/div[1]/div[1]/div[1]/div[1]/div[1]/div[2]/div[2]/form[1]/div[2]/div[1]/div[2]/input[1]]
2023-12-19 17:12:916 INFO  HomePage :40 - Click On login Button [[ChromeDriver: chrome on windows (ee6aab7ee067f9b739da4e089c67d407)] -> xpath: /html[1]/body[1]/div[1]/div[1]/div[1]/div[1]/div[1]/div[2]/div[2]/form[1]/div[3]/button[1]]
2023-12-19 17:12:723 INFO  AdminPage :26 - Click on Admin [[ChromeDriver: chrome on windows (ee6aab7ee067f9b739da4e089c67d407)] -> xpath: /html[1]/body[1]/div[1]/div[1]/div[1]/aside[1]/nav[1]/div[2]/ul[1]/li[1]/a[1]]
2023-12-19 17:12:305 INFO  AddUserPage :56 - Select user Role [[ChromeDriver: chrome on windows (ee6aab7ee067f9b739da4e089c67d407)] -> xpath: //div[@class='oxd-grid-4 orangehrm-full-width-grid']/div[2]/div/div[2]/div/div/div[2]/i]
2023-12-19 21:12:767 INFO  HomePage :27 - Enter username [[ChromeDriver: chrome on windows (bb64e03a5265ea4a5087a6a5be4d130e)] -> xpath: /html[1]/body[1]/div[1]/div[1]/div[1]/div[1]/div[1]/div[2]/div[2]/form[1]/div[1]/div[1]/div[2]/input[1]]
2023-12-19 21:12:843 INFO  HomePage :35 - Enter password [[ChromeDriver: chrome on windows (bb64e03a5265ea4a5087a6a5be4d130e)] -> xpath: /html[1]/body[1]/div[1]/div[1]/div[1]/div[1]/div[1]/div[2]/div[2]/form[1]/div[2]/div[1]/div[2]/input[1]]
2023-12-19 21:12:898 INFO  HomePage :41 - Click On login Button [[ChromeDriver: chrome on windows (bb64e03a5265ea4a5087a6a5be4d130e)] -> xpath: /html[1]/body[1]/div[1]/div[1]/div[1]/div[1]/div[1]/div[2]/div[2]/form[1]/div[3]/button[1]]
2023-12-19 21:12:180 INFO  HomePage :27 - Enter username [[ChromeDriver: chrome on windows (85799f0613a3278baff8b01edeff6386)] -> xpath: /html[1]/body[1]/div[1]/div[1]/div[1]/div[1]/div[1]/div[2]/div[2]/form[1]/div[1]/div[1]/div[2]/input[1]]
2023-12-19 21:12:230 INFO  HomePage :35 - Enter password [[ChromeDriver: chrome on windows (85799f0613a3278baff8b01edeff6386)] -> xpath: /html[1]/body[1]/div[1]/div[1]/div[1]/div[1]/div[1]/div[2]/div[2]/form[1]/div[2]/div[1]/div[2]/input[1]]
2023-12-19 21:12:298 INFO  HomePage :41 - Click On login Button [[ChromeDriver: chrome on windows (85799f0613a3278baff8b01edeff6386)] -> xpath: /html[1]/body[1]/div[1]/div[1]/div[1]/div[1]/div[1]/div[2]/div[2]/form[1]/div[3]/button[1]]
2023-12-19 21:12:610 INFO  DashboardPage :27 - Enter Profile Photo [[ChromeDriver: chrome on windows (85799f0613a3278baff8b01edeff6386)] -> xpath: (//img[@class='oxd-userdropdown-img'])[1]]
2023-12-19 21:12:850 INFO  DashboardPage :32 - Click On logout [[ChromeDriver: chrome on windows (85799f0613a3278baff8b01edeff6386)] -> xpath: (//a[normalize-space()='Logout'])[1]]
2023-12-19 21:12:53 INFO  DashboardPage :36 - Getting loginpanel [[ChromeDriver: chrome on windows (85799f0613a3278baff8b01edeff6386)] -> xpath: (//h5[normalize-space()='Login'])[1]]
2023-12-19 21:12:826 INFO  HomePage :27 - Enter username [[ChromeDriver: chrome on windows (dae560f509f41361561e3645ac517650)] -> xpath: /html[1]/body[1]/div[1]/div[1]/div[1]/div[1]/div[1]/div[2]/div[2]/form[1]/div[1]/div[1]/div[2]/input[1]]
2023-12-19 21:12:887 INFO  HomePage :35 - Enter password [[ChromeDriver: chrome on windows (dae560f509f41361561e3645ac517650)] -> xpath: /html[1]/body[1]/div[1]/div[1]/div[1]/div[1]/div[1]/div[2]/div[2]/form[1]/div[2]/div[1]/div[2]/input[1]]
2023-12-19 21:12:941 INFO  HomePage :41 - Click On login Button [[ChromeDriver: chrome on windows (dae560f509f41361561e3645ac517650)] -> xpath: /html[1]/body[1]/div[1]/div[1]/div[1]/div[1]/div[1]/div[2]/div[2]/form[1]/div[3]/button[1]]
2023-12-19 21:12:564 INFO  HomePage :46 - Getting error message Proxy element for: DefaultElementLocator 'By.xpath: (//span[@class='oxd-text oxd-text--span oxd-input-field-error-message oxd-input-group__message'][normalize-space()='Required'])[1]'
2023-12-19 21:12:94 INFO  HomePage :27 - Enter username [[ChromeDriver: chrome on windows (63949a179fe56115ecc3b7cd8a6c8a9a)] -> xpath: /html[1]/body[1]/div[1]/div[1]/div[1]/div[1]/div[1]/div[2]/div[2]/form[1]/div[1]/div[1]/div[2]/input[1]]
2023-12-19 21:12:153 INFO  HomePage :35 - Enter password [[ChromeDriver: chrome on windows (63949a179fe56115ecc3b7cd8a6c8a9a)] -> xpath: /html[1]/body[1]/div[1]/div[1]/div[1]/div[1]/div[1]/div[2]/div[2]/form[1]/div[2]/div[1]/div[2]/input[1]]
2023-12-19 21:12:210 INFO  HomePage :41 - Click On login Button [[ChromeDriver: chrome on windows (63949a179fe56115ecc3b7cd8a6c8a9a)] -> xpath: /html[1]/body[1]/div[1]/div[1]/div[1]/div[1]/div[1]/div[2]/div[2]/form[1]/div[3]/button[1]]
2023-12-19 21:12:756 INFO  HomePage :46 - Getting error message Proxy element for: DefaultElementLocator 'By.xpath: (//span[@class='oxd-text oxd-text--span oxd-input-field-error-message oxd-input-group__message'][normalize-space()='Required'])[1]'
2023-12-19 21:12:357 INFO  HomePage :27 - Enter username [[ChromeDriver: chrome on windows (f7899f4e354396e8370e805ae996fd9a)] -> xpath: /html[1]/body[1]/div[1]/div[1]/div[1]/div[1]/div[1]/div[2]/div[2]/form[1]/div[1]/div[1]/div[2]/input[1]]
2023-12-19 21:12:418 INFO  HomePage :35 - Enter password [[ChromeDriver: chrome on windows (f7899f4e354396e8370e805ae996fd9a)] -> xpath: /html[1]/body[1]/div[1]/div[1]/div[1]/div[1]/div[1]/div[2]/div[2]/form[1]/div[2]/div[1]/div[2]/input[1]]
2023-12-19 21:12:487 INFO  HomePage :41 - Click On login Button [[ChromeDriver: chrome on windows (f7899f4e354396e8370e805ae996fd9a)] -> xpath: /html[1]/body[1]/div[1]/div[1]/div[1]/div[1]/div[1]/div[2]/div[2]/form[1]/div[3]/button[1]]
2023-12-19 21:12:181 INFO  HomePage :46 - Getting error message Proxy element for: DefaultElementLocator 'By.xpath: (//span[@class='oxd-text oxd-text--span oxd-input-field-error-message oxd-input-group__message'][normalize-space()='Required'])[1]'
2023-12-19 21:12:767 INFO  HomePage :27 - Enter username [[ChromeDriver: chrome on windows (12217eff0f4760b4bf250ad3e66b324f)] -> xpath: /html[1]/body[1]/div[1]/div[1]/div[1]/div[1]/div[1]/div[2]/div[2]/form[1]/div[1]/div[1]/div[2]/input[1]]
2023-12-19 21:12:821 INFO  HomePage :35 - Enter password [[ChromeDriver: chrome on windows (12217eff0f4760b4bf250ad3e66b324f)] -> xpath: /html[1]/body[1]/div[1]/div[1]/div[1]/div[1]/div[1]/div[2]/div[2]/form[1]/div[2]/div[1]/div[2]/input[1]]
2023-12-19 21:12:872 INFO  HomePage :41 - Click On login Button [[ChromeDriver: chrome on windows (12217eff0f4760b4bf250ad3e66b324f)] -> xpath: /html[1]/body[1]/div[1]/div[1]/div[1]/div[1]/div[1]/div[2]/div[2]/form[1]/div[3]/button[1]]
2023-12-19 21:12:407 INFO  HomePage :46 - Getting error message Proxy element for: DefaultElementLocator 'By.xpath: (//span[@class='oxd-text oxd-text--span oxd-input-field-error-message oxd-input-group__message'][normalize-space()='Required'])[1]'
2023-12-19 21:12:119 INFO  HomePage :27 - Enter username [[ChromeDriver: chrome on windows (6462be87dfdc0d03f759f31e57b1a860)] -> xpath: /html[1]/body[1]/div[1]/div[1]/div[1]/div[1]/div[1]/div[2]/div[2]/form[1]/div[1]/div[1]/div[2]/input[1]]
2023-12-19 21:12:157 INFO  HomePage :35 - Enter password [[ChromeDriver: chrome on windows (6462be87dfdc0d03f759f31e57b1a860)] -> xpath: /html[1]/body[1]/div[1]/div[1]/div[1]/div[1]/div[1]/div[2]/div[2]/form[1]/div[2]/div[1]/div[2]/input[1]]
2023-12-19 21:12:206 INFO  HomePage :41 - Click On login Button [[ChromeDriver: chrome on windows (6462be87dfdc0d03f759f31e57b1a860)] -> xpath: /html[1]/body[1]/div[1]/div[1]/div[1]/div[1]/div[1]/div[2]/div[2]/form[1]/div[3]/button[1]]
2023-12-19 21:12:367 INFO  AdminPage :26 - Click on Admin [[ChromeDriver: chrome on windows (6462be87dfdc0d03f759f31e57b1a860)] -> xpath: /html[1]/body[1]/div[1]/div[1]/div[1]/aside[1]/nav[1]/div[2]/ul[1]/li[1]/a[1]]
2023-12-19 21:12:244 INFO  HomePage :27 - Enter username [[ChromeDriver: chrome on windows (5f7756976f62b3f5fd20a2c1be6fcd92)] -> xpath: /html[1]/body[1]/div[1]/div[1]/div[1]/div[1]/div[1]/div[2]/div[2]/form[1]/div[1]/div[1]/div[2]/input[1]]
2023-12-19 21:12:285 INFO  HomePage :35 - Enter password [[ChromeDriver: chrome on windows (5f7756976f62b3f5fd20a2c1be6fcd92)] -> xpath: /html[1]/body[1]/div[1]/div[1]/div[1]/div[1]/div[1]/div[2]/div[2]/form[1]/div[2]/div[1]/div[2]/input[1]]
2023-12-19 21:12:335 INFO  HomePage :41 - Click On login Button [[ChromeDriver: chrome on windows (5f7756976f62b3f5fd20a2c1be6fcd92)] -> xpath: /html[1]/body[1]/div[1]/div[1]/div[1]/div[1]/div[1]/div[2]/div[2]/form[1]/div[3]/button[1]]
2023-12-19 21:12:385 INFO  AdminPage :26 - Click on Admin [[ChromeDriver: chrome on windows (5f7756976f62b3f5fd20a2c1be6fcd92)] -> xpath: /html[1]/body[1]/div[1]/div[1]/div[1]/aside[1]/nav[1]/div[2]/ul[1]/li[1]/a[1]]
2023-12-19 21:12:420 INFO  HomePage :27 - Enter username [[ChromeDriver: chrome on windows (58dd0ab1bc65078b18b04f853471a596)] -> xpath: /html[1]/body[1]/div[1]/div[1]/div[1]/div[1]/div[1]/div[2]/div[2]/form[1]/div[1]/div[1]/div[2]/input[1]]
2023-12-19 21:12:460 INFO  HomePage :35 - Enter password [[ChromeDriver: chrome on windows (58dd0ab1bc65078b18b04f853471a596)] -> xpath: /html[1]/body[1]/div[1]/div[1]/div[1]/div[1]/div[1]/div[2]/div[2]/form[1]/div[2]/div[1]/div[2]/input[1]]
2023-12-19 21:12:513 INFO  HomePage :41 - Click On login Button [[ChromeDriver: chrome on windows (58dd0ab1bc65078b18b04f853471a596)] -> xpath: /html[1]/body[1]/div[1]/div[1]/div[1]/div[1]/div[1]/div[2]/div[2]/form[1]/div[3]/button[1]]
2023-12-19 21:12:523 INFO  AdminPage :26 - Click on Admin [[ChromeDriver: chrome on windows (58dd0ab1bc65078b18b04f853471a596)] -> xpath: /html[1]/body[1]/div[1]/div[1]/div[1]/aside[1]/nav[1]/div[2]/ul[1]/li[1]/a[1]]
2023-12-19 21:12:908 INFO  AddUserPage :56 - Select user Role [[ChromeDriver: chrome on windows (58dd0ab1bc65078b18b04f853471a596)] -> xpath: //div[@class='oxd-grid-4 orangehrm-full-width-grid']/div[2]/div/div[2]/div/div/div[2]/i]
2023-12-19 21:12:387 INFO  HomePage :27 - Enter username [[ChromeDriver: chrome on windows (a051c7e1c00d2df542d36fa19de979b5)] -> xpath: /html[1]/body[1]/div[1]/div[1]/div[1]/div[1]/div[1]/div[2]/div[2]/form[1]/div[1]/div[1]/div[2]/input[1]]
2023-12-19 21:12:424 INFO  HomePage :35 - Enter password [[ChromeDriver: chrome on windows (a051c7e1c00d2df542d36fa19de979b5)] -> xpath: /html[1]/body[1]/div[1]/div[1]/div[1]/div[1]/div[1]/div[2]/div[2]/form[1]/div[2]/div[1]/div[2]/input[1]]
2023-12-19 21:12:478 INFO  HomePage :41 - Click On login Button [[ChromeDriver: chrome on windows (a051c7e1c00d2df542d36fa19de979b5)] -> xpath: /html[1]/body[1]/div[1]/div[1]/div[1]/div[1]/div[1]/div[2]/div[2]/form[1]/div[3]/button[1]]
2023-12-19 21:12:591 INFO  AdminPage :26 - Click on Admin [[ChromeDriver: chrome on windows (a051c7e1c00d2df542d36fa19de979b5)] -> xpath: /html[1]/body[1]/div[1]/div[1]/div[1]/aside[1]/nav[1]/div[2]/ul[1]/li[1]/a[1]]
2023-12-19 21:12:302 INFO  AddUserPage :56 - Select user Role [[ChromeDriver: chrome on windows (a051c7e1c00d2df542d36fa19de979b5)] -> xpath: //div[@class='oxd-grid-4 orangehrm-full-width-grid']/div[2]/div/div[2]/div/div/div[2]/i]
2023-12-19 21:12:741 INFO  HomePage :27 - Enter username [[ChromeDriver: chrome on windows (a186ad8b42aef320a666f725433eec73)] -> xpath: /html[1]/body[1]/div[1]/div[1]/div[1]/div[1]/div[1]/div[2]/div[2]/form[1]/div[1]/div[1]/div[2]/input[1]]
2023-12-19 21:12:785 INFO  HomePage :35 - Enter password [[ChromeDriver: chrome on windows (a186ad8b42aef320a666f725433eec73)] -> xpath: /html[1]/body[1]/div[1]/div[1]/div[1]/div[1]/div[1]/div[2]/div[2]/form[1]/div[2]/div[1]/div[2]/input[1]]
2023-12-19 21:12:839 INFO  HomePage :41 - Click On login Button [[ChromeDriver: chrome on windows (a186ad8b42aef320a666f725433eec73)] -> xpath: /html[1]/body[1]/div[1]/div[1]/div[1]/div[1]/div[1]/div[2]/div[2]/form[1]/div[3]/button[1]]
2023-12-19 21:12:43 INFO  AdminPage :26 - Click on Admin [[ChromeDriver: chrome on windows (a186ad8b42aef320a666f725433eec73)] -> xpath: /html[1]/body[1]/div[1]/div[1]/div[1]/aside[1]/nav[1]/div[2]/ul[1]/li[1]/a[1]]
2023-12-19 21:12:609 INFO  AddUserPage :56 - Select user Role [[ChromeDriver: chrome on windows (a186ad8b42aef320a666f725433eec73)] -> xpath: //div[@class='oxd-grid-4 orangehrm-full-width-grid']/div[2]/div/div[2]/div/div/div[2]/i]
2023-12-19 21:12:507 INFO  HomePage :27 - Enter username [[ChromeDriver: chrome on windows (b873bf8cdb112dcc1367852222b34c35)] -> xpath: /html[1]/body[1]/div[1]/div[1]/div[1]/div[1]/div[1]/div[2]/div[2]/form[1]/div[1]/div[1]/div[2]/input[1]]
2023-12-19 21:12:551 INFO  HomePage :35 - Enter password [[ChromeDriver: chrome on windows (b873bf8cdb112dcc1367852222b34c35)] -> xpath: /html[1]/body[1]/div[1]/div[1]/div[1]/div[1]/div[1]/div[2]/div[2]/form[1]/div[2]/div[1]/div[2]/input[1]]
2023-12-19 21:12:605 INFO  HomePage :41 - Click On login Button [[ChromeDriver: chrome on windows (b873bf8cdb112dcc1367852222b34c35)] -> xpath: /html[1]/body[1]/div[1]/div[1]/div[1]/div[1]/div[1]/div[2]/div[2]/form[1]/div[3]/button[1]]
2023-12-19 21:12:805 INFO  AdminPage :26 - Click on Admin [[ChromeDriver: chrome on windows (b873bf8cdb112dcc1367852222b34c35)] -> xpath: /html[1]/body[1]/div[1]/div[1]/div[1]/aside[1]/nav[1]/div[2]/ul[1]/li[1]/a[1]]
2023-12-19 21:12:318 INFO  AddUserPage :56 - Select user Role [[ChromeDriver: chrome on windows (b873bf8cdb112dcc1367852222b34c35)] -> xpath: //div[@class='oxd-grid-4 orangehrm-full-width-grid']/div[2]/div/div[2]/div/div/div[2]/i]
